<?xml version="1.0" encoding="UTF-8"?>
<beans xmlns="http://www.springframework.org/schema/beans"
       xmlns:xsi="http://www.w3.org/2001/XMLSchema-instance"
       xsi:schemaLocation="http://www.springframework.org/schema/beans http://www.springframework.org/schema/beans/spring-beans.xsd">
    <bean id="sample1" class="com.pgm.springdemo.sample.SampleDTO">
        <property name="name" value="홍길동"/>
        <property name="age" value="20"/>
    <property name = "hobby">
        <list>
            <value>reading</value>
            <value>music</value>
            <value>movie</value>
        </list>
    </property>
    </bean>
    <bean id="sample2" class="com.pgm.springdemo.sample.SampleDTO">
        <property name="name" value="홍길수"/>
        <property name="age" value="40"/>
        <property name = "hobby">
            <list>
                <value>climbing</value>
                <value>game</value>

            </list>
        </property>
    </bean>
</beans>